<?xml version="1.0" encoding="UTF-8"?>
<testsuite name="ApplicationTest" tests="2" skipped="0" failures="0" errors="0" timestamp="2017-03-03T18:18:34" hostname="Johns-MacBook-Air.local" time="0.007">
  <properties/>
  <testcase name="testGetPermutationsMethod" classname="ApplicationTest" time="0.007"/>
  <testcase name="testIsPalindromeMethod" classname="ApplicationTest" time="0.0"/>
  <system-out><![CDATA[]]></system-out>
  <system-err><![CDATA[]]></system-err>
</testsuite>
